2026-01-05 15:44:18,962 - Experiment - INFO - 
========================================
🚀 Running Sample: conv-47
========================================
2026-01-05 15:44:20,148 - Experiment - INFO - [conv-47] 🧠 Phase 1: Building Memory (31 contextual sessions)...
2026-01-05 15:44:20,148 - Experiment - INFO - [conv-47] 🔄 Flush Triggered at chunk 1. Processing Buffer...
2026-01-05 15:44:41,545 - Amadeus.Builder - INFO - 🤔 Builder CoT: Step 1: Identify absolute date from Context. Step 2: Identify entities. Step 3: Compare with Graph. Step 4: Resolve conflicts.
2026-01-05 15:44:41,555 - Amadeus.Builder - INFO - 🔗 LINK: James --Enjoys The Witcher 3 and finds motivation in them.--> Video Games (Time: 2022-03-17)
2026-01-05 15:44:41,559 - Amadeus.Builder - INFO - 🔗 LINK: James --Signed up for a programming class and has experience with Python and C++.--> Programming (Time: 2022-03-17)
2026-01-05 15:44:41,824 - Amadeus.Builder - INFO - 🔗 LINK: James --Working on a project to connect pet owners with dog walkers and provide pet care information.--> Dog Walking and Pet Care App (Time: 2022-03-17)
2026-01-05 15:44:41,870 - Amadeus.Builder - INFO - 🔗 LINK: James --Has a passion for creating his own game, inspired by his childhood sketches and combining gaming and storytelling.--> Game Project (Time: 2022-03-17)
2026-01-05 15:44:41,916 - Amadeus.Builder - INFO - 🔗 LINK: John --Had some experience with HTML and CSS a few years back.--> HTML/CSS (Time: 2022-03-17)
2026-01-05 15:44:42,125 - Amadeus.Builder - INFO - 🔗 LINK: John --Interested in trying VR gaming and has tried it a few times.--> VR Gaming (Time: 2022-03-17)
2026-01-05 15:44:42,132 - Amadeus.Builder - INFO - 🔗 LINK: John --Considering starting a morning running routine.--> Running (Time: 2022-03-17)
2026-01-05 15:44:42,224 - Amadeus.Builder - INFO - 🔗 LINK: James --Recently went bowling and got 2 strikes.--> Bowling (Time: 2022-03-16)
2026-01-05 15:44:42,261 - Amadeus.Builder - INFO - 🔗 LINK: John --Experienced a negative event while playing slot machines.--> Slot Machines (Time: 2022-03-17)
2026-01-05 15:44:42,285 - Amadeus.Builder - INFO - 🔗 LINK: John --Agrees to try VR gaming with James next Saturday.--> VR Gaming (Time: 2022-03-17)
2026-01-05 15:44:42,332 - Amadeus.Optimizer - INFO - ⚔️ Starting Self-Play (Mode: fixed, CoT: False)...
2026-01-05 15:44:42,337 - Amadeus.Optimizer - INFO - --- Round 1 ---
2026-01-05 15:44:49,116 - Amadeus.Optimizer - INFO - 🔥 Attack Batch: 3 questions
2026-01-05 15:44:49,117 - Amadeus.Answerer - INFO - ❓ Question: What is the main passion that motivates James to work on his programming projects and how does he plan to combine it with his game development project?
2026-01-05 15:44:51,148 - Amadeus.Answerer - INFO - Step 1: SEARCH - {'tool': 'SEARCH', 'query': 'James motivation for programming projects and game development project combination', 'mode': 'hybrid'}
2026-01-05 15:44:52,416 - Amadeus.Answerer - INFO - Step 2: WALK - {'tool': 'WALK', 'node': 'Game Project'}
2026-01-05 15:44:53,226 - Amadeus.Answerer - INFO - Step 3: WALK - {'tool': 'WALK', 'node': 'James'}
2026-01-05 15:44:54,092 - Amadeus.Answerer - INFO - Step 4: WALK - {'tool': 'WALK', 'node': 'Video Games'}
2026-01-05 15:44:54,824 - Amadeus.Answerer - INFO - Step 5: WALK - {'tool': 'WALK', 'node': 'James'}
2026-01-05 15:44:56,207 - Amadeus.Answerer - INFO - Step 6: WALK - {'tool': 'WALK', 'node': 'Video Games'}
2026-01-05 15:44:57,815 - Amadeus.Answerer - INFO - Step 7: READ - {'tool': 'READ', 'answer': "James's main passion that motivates him to work on his programming projects is his enjoyment of video games, specifically The Witcher 3. He plans to combine this passion with his game development project."}
2026-01-05 15:44:57,816 - Amadeus.Optimizer - INFO - GT: James is motivated by creating something and seeing it come to life, which he plans to combine with his passion for gaming and storytelling in his game development project.
2026-01-05 15:44:57,816 - Amadeus.Optimizer - INFO - Pre: James's main passion that motivates him to work on his programming projects is his enjoyment of video games, specifically The Witcher 3. He plans to combine this passion with his game development project.
2026-01-05 15:45:04,122 - Amadeus.Optimizer - WARNING - ❌ DEFENDER FAILED. Blame: BUILDER
2026-01-05 15:45:04,122 - Amadeus.Agent - INFO - 📈 Guideline Updated for [UPDATE]: Update extraction rules to ensure that the builder captures more nuanced motivations and intentions, such as the specific reasons behind James's motivation for programming projects and his plans to integrate these motivations with his game development project.
2026-01-05 15:45:04,123 - Amadeus.Builder - INFO - 🔧 FORCE UPDATE TRIGGERED: Apply these fixes: [{"action": "ADD", "subject": "James", "object": "Passion for Creating", "content": "James is motivated by creating something and seeing it come to life."}, {"action": "ADD", "object": "Game Development", "content": "James plans to combine his passion for creating with his game development project."}]
2026-01-05 15:45:15,596 - Amadeus.Builder - INFO - 🔗 LINK: James --James is motivated by creating something and seeing it come to life.--> Passion for Creating (Time: 2022-03-17)
2026-01-05 15:45:15,599 - Amadeus.Builder - INFO - 🔗 LINK: James --James plans to combine his passion for creating with his game development project.--> Game Development (Time: 2022-03-17)
2026-01-05 15:45:15,627 - Amadeus.Answerer - INFO - ❓ Question: Where did James go yesterday?
2026-01-05 15:45:17,007 - Amadeus.Answerer - INFO - Step 1: SEARCH - {'tool': 'SEARCH', 'query': 'James went yesterday', 'mode': 'hybrid'}
2026-01-05 15:45:18,144 - Amadeus.Answerer - INFO - Step 2: READ - {'tool': 'READ', 'answer': 'James went bowling yesterday and got 2 strikes.'}
2026-01-05 15:45:18,144 - Amadeus.Optimizer - INFO - GT: He went bowling.
2026-01-05 15:45:18,144 - Amadeus.Optimizer - INFO - Pre: James went bowling yesterday and got 2 strikes.
2026-01-05 15:45:22,231 - Amadeus.Optimizer - WARNING - ❌ DEFENDER FAILED. Blame: ANSWERER
2026-01-05 15:45:22,237 - Amadeus.Agent - INFO - 📈 Guideline Updated for [SEARCH]: Update the Answerer's strategy to trust the graph more and perform multi-hop reasoning when retrieving information. The Answerer should also be cautious about making assumptions based on single-hop connections and focus on verifying information across multiple nodes.
2026-01-05 15:45:22,239 - Amadeus.Answerer - INFO - ❓ Question: What specific feature of James' planned app makes it unique compared to other existing apps according to the conversation?
2026-01-05 15:45:23,309 - Amadeus.Answerer - INFO - Step 1: SEARCH - {'tool': 'SEARCH', 'query': 'James planned app unique feature', 'mode': 'hybrid'}
2026-01-05 15:45:24,517 - Amadeus.Answerer - INFO - Step 2: WALK - {'tool': 'WALK', 'node': 'Dog Walking and Pet Care App'}
2026-01-05 15:45:25,894 - Amadeus.Answerer - INFO - Step 3: SEARCH - {'tool': 'SEARCH', 'query': "James' unique feature in Dog Walking and Pet Care App", 'mode': 'hybrid'}
2026-01-05 15:45:27,912 - Amadeus.Answerer - INFO - Step 4: WALK - {'tool': 'WALK', 'node': 'Passion for Creating'}
2026-01-05 15:45:29,710 - Amadeus.Answerer - INFO - Step 5: SEARCH - {'tool': 'SEARCH', 'query': "James' passion for creating in relation to Dog Walking and Pet Care App", 'mode': 'hybrid'}
2026-01-05 15:45:30,884 - Amadeus.Answerer - INFO - Step 6: WALK - {'tool': 'WALK', 'node': 'Game Project'}
2026-01-05 15:45:32,226 - Amadeus.Answerer - INFO - Step 7: READ - {'tool': 'READ', 'answer': "The specific feature of James' planned app that makes it unique is his passion for creating a game project that combines gaming and storytelling, inspired by his childhood sketches."}
2026-01-05 15:45:32,227 - Amadeus.Optimizer - INFO - GT: The personal touch, allowing users to add their pup's preferences/needs, making it unique for each owner and pup.
2026-01-05 15:45:32,227 - Amadeus.Optimizer - INFO - Pre: The specific feature of James' planned app that makes it unique is his passion for creating a game project that combines gaming and storytelling, inspired by his childhood sketches.
2026-01-05 15:45:35,966 - Amadeus.Optimizer - WARNING - ❌ DEFENDER FAILED. Blame: ANSWERER
2026-01-05 15:45:35,966 - Amadeus.Agent - INFO - 📈 Guideline Updated for [SEARCH]: The Answerer should be more thorough in retrieving information from the Global Memory Graph. Focus on multiple hops to ensure all relevant details are considered, especially when the exact answer appears in the log but is not directly referenced in the immediate context. Trust the graph over any prior assumptions or direct quotes.
2026-01-05 15:45:35,966 - Experiment - INFO - [conv-47] 🔄 Flush Triggered at chunk 2. Processing Buffer...
2026-01-05 15:45:56,615 - Amadeus.Builder - INFO - 🤔 Builder CoT: Step 1: Identify absolute date from Context. Step 2: Identify entities. Step 3: Compare with Graph. Step 4: Resolve conflicts.
2026-01-05 15:45:56,653 - Amadeus.Builder - INFO - 🔗 LINK: James --Made a game avatar and joined a new platform. It's been fun exploring and chatting with other gamers.--> Game Avatar (Time: 2022-03-09)
2026-01-05 15:45:56,654 - Amadeus.Builder - INFO - 🔗 LINK: James --Games are my go-to when I'm feeling overwhelmed. It's like therapy. I can relax, forget my troubles, and get lost in another world.--> Passion for Creating (Time: 2022-03-09)
2026-01-05 15:45:56,654 - Amadeus.Builder - INFO - 🔗 LINK: James --Combining his passion for creating with his game development project.--> Game Project (Time: 2022-03-09)
2026-01-05 15:45:56,659 - Amadeus.Builder - INFO - 🔗 LINK: John --Bought a metal detector and walks along the beaches looking for something worthwhile.--> Metal Detector (Time: 2022-03-09)
2026-01-05 15:45:56,694 - Amadeus.Builder - INFO - 🔗 LINK: John --Walks along the beaches.--> Beaches (Time: 2022-03-09)
2026-01-05 15:45:56,862 - Amadeus.Builder - INFO - 🔗 LINK: John --Found bottle caps, coins, and a gold ring.--> Bottle Caps (Time: 2022-03-09)
2026-01-05 15:45:56,892 - Amadeus.Builder - INFO - 🔗 LINK: James --Two dogs are the best pals ever and can do tricks like sit, stay, paw, and rollover.--> Dogs (Time: 2022-03-09)
2026-01-05 15:45:56,913 - Amadeus.Builder - INFO - 🔗 LINK: James --Dogs are like his family.--> Family (Time: 2022-03-09)
2026-01-05 15:45:56,940 - Amadeus.Builder - INFO - 🔗 LINK: John --Would like to have a pet and James can help find the perfect one.--> Pet Parent (Time: 2022-03-09)
2026-01-05 15:45:57,038 - Amadeus.Optimizer - INFO - ⚔️ Starting Self-Play (Mode: fixed, CoT: False)...
2026-01-05 15:45:57,045 - Amadeus.Optimizer - INFO - --- Round 1 ---
2026-01-05 15:46:05,439 - Amadeus.Optimizer - INFO - 🔥 Attack Batch: 3 questions
2026-01-05 15:46:05,439 - Amadeus.Answerer - INFO - ❓ Question: What kind of bond does James feel with his dogs compared to the bonds he forms with gamers on the platform?
2026-01-05 15:46:06,550 - Amadeus.Answerer - INFO - Step 1: SEARCH - {'tool': 'SEARCH', 'query': 'James bond with dogs vs gamers', 'mode': 'hybrid'}
2026-01-05 15:46:07,974 - Amadeus.Answerer - INFO - Step 2: WALK - {'tool': 'WALK', 'node': 'Dogs'}
2026-01-05 15:46:09,152 - Amadeus.Answerer - INFO - Step 3: SEARCH - {'tool': 'SEARCH', 'query': 'James bond with dogs', 'mode': 'hybrid'}
2026-01-05 15:46:10,608 - Amadeus.Answerer - INFO - Step 4: SEARCH - {'tool': 'SEARCH', 'query': 'James bond with dogs and gamers', 'mode': 'hybrid'}
2026-01-05 15:46:11,888 - Amadeus.Answerer - INFO - Step 5: SEARCH - {'tool': 'SEARCH', 'query': 'James bond with dogs and gamers', 'mode': 'hybrid'}
2026-01-05 15:46:13,254 - Amadeus.Answerer - INFO - Step 6: SEARCH - {'tool': 'SEARCH', 'query': 'James bond with dogs vs gamers on the platform', 'mode': 'hybrid'}
2026-01-05 15:46:18,166 - Amadeus.Answerer - INFO - Step 7: WALK - {'tool': 'WALK', 'node': 'Dogs'}
2026-01-05 15:46:19,134 - Amadeus.Answerer - INFO - Step 8: WALK - {'tool': 'WALK', 'node': 'James'}
2026-01-05 15:46:19,134 - Amadeus.Answerer - WARNING - Max steps reached. Attempting to answer from history.
2026-01-05 15:46:19,587 - Amadeus.Optimizer - INFO - GT: James feels a strong bond with his dogs as they are like his family and bring him joy and companionship, similar to the bond he forms with gamers through sharing tips, strategies, and stories.
2026-01-05 15:46:19,587 - Amadeus.Optimizer - INFO - Pre: Unknown
2026-01-05 15:46:23,767 - Amadeus.Optimizer - WARNING - ❌ DEFENDER FAILED. Blame: BUILDER
2026-01-05 15:46:23,768 - Amadeus.Agent - INFO - 📈 Guideline Updated for [UPDATE]: Update extraction rules to capture more explicit mentions of emotional connections and relationships formed through gaming activities. Also, ensure that the builder connects related nodes more thoroughly, such as linking James' feelings towards his dogs and his interactions with gamers on the platform.
2026-01-05 15:46:23,768 - Amadeus.Builder - INFO - 🔧 FORCE UPDATE TRIGGERED: Apply these fixes: [{"action": "ADD", "subject": "James", "object": "Gamers", "content": "Strong bond formed with through gaming activities."}, {"action": "ADD", "object": "Gamers", "content": "James finds joy and companionship in interacting with them, similar to his dogs."}]
2026-01-05 15:46:33,389 - Amadeus.Builder - INFO - 🔗 LINK: James --Strong bond formed with through gaming activities.--> Gamers (Time: 2022-03-17)
2026-01-05 15:46:33,390 - Amadeus.Builder - WARNING - Op 1 skipped: Missing subject.
2026-01-05 15:46:33,448 - Amadeus.Answerer - INFO - ❓ Question: How does James view gaming in terms of its role in his life, beyond just a hobby?
2026-01-05 15:46:34,562 - Amadeus.Answerer - INFO - Step 1: SEARCH - {'tool': 'SEARCH', 'query': 'James gaming role in life', 'mode': 'hybrid'}
2026-01-05 15:46:35,745 - Amadeus.Answerer - INFO - Step 2: WALK - {'tool': 'WALK', 'node': 'Passion for Creating'}
2026-01-05 15:46:36,885 - Amadeus.Answerer - INFO - Step 3: WALK - {'tool': 'WALK', 'node': "Games are my go-to when I'm feeling overwhelmed"}
2026-01-05 15:46:37,976 - Amadeus.Answerer - INFO - Step 4: WALK - {'tool': 'WALK', 'node': "Games are my go-to when I'm feeling overwhelmed"}
2026-01-05 15:46:39,028 - Amadeus.Answerer - INFO - Step 5: WALK - {'tool': 'WALK', 'node': "Games are my go-to when I'm feeling overwhelmed"}
2026-01-05 15:46:40,513 - Amadeus.Answerer - INFO - Step 6: READ - {'tool': 'READ', 'answer': 'James views gaming as a form of therapy that helps him relax, forget his troubles, and get lost in another world, particularly when he is feeling overwhelmed.'}
2026-01-05 15:46:40,513 - Amadeus.Optimizer - INFO - GT: Gaming is a refuge for James in tough times and acts as therapy, allowing him to relax, forget his troubles, and get lost in another world.
2026-01-05 15:46:40,513 - Amadeus.Optimizer - INFO - Pre: James views gaming as a form of therapy that helps him relax, forget his troubles, and get lost in another world, particularly when he is feeling overwhelmed.
2026-01-05 15:46:42,758 - Amadeus.Optimizer - INFO - ✅ DEFENDER SUCCEEDED. Optimizing Questioner...
2026-01-05 15:46:42,758 - Amadeus.Agent - INFO - 📈 Guideline Updated for [GENERATE]: Focus on current events and experiences rather than historical or hypothetical scenarios. Encourage the Questioner to ask about recent activities and their impact on the individual's life.
2026-01-05 15:46:42,758 - Amadeus.Answerer - INFO - ❓ Question: What might John infer about the commitment required to be a pet parent from James's description of his dogs?
2026-01-05 15:46:43,969 - Amadeus.Answerer - INFO - Step 1: SEARCH - {'tool': 'SEARCH', 'query': "commitment required to be a pet parent, James's dogs", 'mode': 'hybrid'}
2026-01-05 15:46:45,512 - Amadeus.Answerer - INFO - Step 2: WALK - {'tool': 'WALK', 'node': 'Dogs'}
2026-01-05 15:46:47,779 - Amadeus.Answerer - INFO - Step 3: SEARCH - {'tool': 'SEARCH', 'query': "commitment required to be a pet parent, James's dogs, Two dogs are the best pals ever and can do tricks like sit, stay, paw, and rollover", 'mode': 'hybrid'}
2026-01-05 15:46:49,002 - Amadeus.Answerer - INFO - Step 4: WALK - {'tool': 'WALK', 'node': 'Dogs'}
2026-01-05 15:46:50,487 - Amadeus.Answerer - INFO - Step 5: SEARCH - {'tool': 'SEARCH', 'query': "commitment required to be a pet parent, James's dogs, tricks", 'mode': 'hybrid'}
2026-01-05 15:46:52,247 - Amadeus.Answerer - INFO - Step 6: WALK - {'tool': 'WALK', 'node': 'Dogs'}
2026-01-05 15:46:54,336 - Amadeus.Answerer - INFO - Step 7: SEARCH - {'tool': 'SEARCH', 'query': "commitment required to be a pet parent, James's dogs, tricks, Two dogs are the best pals ever and can do tricks like sit, stay, paw, and rollover", 'mode': 'hybrid'}
2026-01-05 15:46:55,698 - Amadeus.Answerer - INFO - Step 8: WALK - {'tool': 'WALK', 'node': 'Dogs'}
2026-01-05 15:46:55,698 - Amadeus.Answerer - WARNING - Max steps reached. Attempting to answer from history.
2026-01-05 15:46:57,675 - Amadeus.Optimizer - INFO - GT: John might infer that being a pet parent requires significant time and effort for training and care, given James's mention of doing lots of training with his dogs and their fast learning process.
2026-01-05 15:46:57,676 - Amadeus.Optimizer - INFO - Pre: John might infer that being a pet parent, especially with dogs that can do tricks, requires significant time and effort, such as training and spending quality time together. James's description suggests a strong bond and commitment to his dogs, which implies that owning pets is not just a casual decision but a serious responsibility.
2026-01-05 15:46:59,993 - Amadeus.Optimizer - INFO - ✅ DEFENDER SUCCEEDED. Optimizing Questioner...
2026-01-05 15:46:59,993 - Amadeus.Agent - INFO - 📈 Guideline Updated for [GENERATE]: Focus on current events and activities rather than inferring past or unrelated experiences. Encourage the Questioner to ask more directly about the topic at hand, such as 'What specific aspects of James's dogs might influence John's perception of pet parenting commitment?'
2026-01-05 15:46:59,994 - Experiment - INFO - [conv-47] 🔄 Flush Triggered at chunk 3. Processing Buffer...
