2025-12-29 14:04:11,133 - Experiment - INFO - ✅ 成功加载 1 个样本
2025-12-29 14:04:11,134 - Experiment - INFO - 
========================================
🚀 Running Sample [1/1]: conv-26
========================================
2025-12-29 14:04:11,201 - Experiment - INFO - 🧠 Phase 1: Building Memory (19 contextual sessions)...
2025-12-29 14:04:14,115 - Amadeus.Builder - INFO - 🤔 Builder CoT: Step 1: Identify absolute date from Context (unknown, so we'll keep it as unknown). Step 2: Identify entities. Step 3: Compare with Graph (empty, so we add all new information). Step 4: Resolve conflicts (none found).
2025-12-29 14:04:14,115 - Amadeus.Builder - INFO - ➕ NODE: Caroline
2025-12-29 14:04:14,115 - Amadeus.Builder - INFO - 🔗 LINK: Caroline --Attended LGBTQ support group, found it inspiring and supportive.--> Support Group (Time: Unknown)
2025-12-29 14:04:14,115 - Amadeus.Builder - INFO - 🔗 LINK: Caroline --Planning to continue education and explore career options.--> Education (Time: Unknown)
2025-12-29 14:04:14,115 - Amadeus.Builder - INFO - 🔗 LINK: Caroline --Interested in counseling or mental health work.--> Career Options (Time: Unknown)
2025-12-29 14:04:14,115 - Amadeus.Builder - INFO - 🔗 LINK: Melanie --Painted a lake sunrise last year, enjoys painting as an outlet.--> Painting (Time: 2022-07-XX)
2025-12-29 14:04:14,115 - Amadeus.Builder - INFO - 🔗 LINK: Melanie --Uses painting as a way to relax after a long day.--> Relaxation (Time: Unknown)
2025-12-29 14:04:17,598 - Amadeus.Builder - INFO - 🤔 Builder CoT: Step 1: Identify absolute date from Context (none provided). Step 2: Identify entities and their relationships. Step 3: Compare with Graph. Step 4: Resolve conflicts and add new information.
2025-12-29 14:04:17,599 - Amadeus.Builder - INFO - 🔗 LINK: Melanie --Ran a charity race for mental health last Saturday, found it rewarding and thought-provoking.--> Charity Race (Time: 2023-07-29)
2025-12-29 14:04:17,599 - Amadeus.Builder - INFO - 🔗 LINK: Melanie --Starting to prioritize self-care through activities like running, reading, and playing violin.--> Self-Care (Time: 2023-07-29)
2025-12-29 14:04:17,599 - Amadeus.Builder - INFO - 🔗 LINK: Melanie --Planning to go camping with family during summer break.--> Summer Plans (Time: 2023-07-29)
2025-12-29 14:04:17,599 - Amadeus.Builder - INFO - 🔗 LINK: Caroline --Researching adoption agencies to adopt kids in need, focusing on LGBTQ+ inclusivity.--> Adoption (Time: 2023-07-29)
2025-12-29 14:04:17,599 - Amadeus.Builder - INFO - 🔗 LINK: Caroline --Dreaming of giving a loving home to kids who need it, focusing on inclusivity and support.--> Adoption Goals (Time: 2023-07-29)
2025-12-29 14:04:17,599 - Amadeus.Builder - INFO - 🔗 LINK: Caroline --Considering an adoption agency that supports LGBTQ+ families.--> Adoption Agency (Time: 2023-07-29)
2025-12-29 14:04:17,599 - Amadeus.Builder - INFO - ⏳ WAIT: Future plans and details about...
2025-12-29 14:04:17,599 - Amadeus.Buffer - INFO - 🔄 Buffer carrying over 1 items (WAIT).
2025-12-29 14:04:20,442 - Amadeus.Builder - INFO - 🤔 Builder CoT: Step 1: Identify absolute date from Context (none provided). Step 2: Identify entities and relationships. Step 3: Compare with Graph. Step 4: Resolve conflicts and add new information.
2025-12-29 14:04:20,442 - Amadeus.Builder - INFO - ➕ NODE: Caroline
2025-12-29 14:04:20,442 - Amadeus.Builder - INFO - 🔗 LINK: Caroline --Continuing to research and plan for adoption, focusing on LGBTQ+ inclusivity.--> Adoption (Time: 2023-07-29)
2025-12-29 14:04:20,442 - Amadeus.Builder - INFO - ➕ NODE: Melanie
2025-12-29 14:04:20,442 - Amadeus.Builder - INFO - 🔗 LINK: Melanie --Married for 5 years, has a husband and children.--> Family (Time: 2023-07-29)
2025-12-29 14:04:20,442 - Amadeus.Builder - INFO - ➕ NODE: Melanie
2025-12-29 14:04:25,151 - Amadeus.Builder - INFO - 🤔 Builder CoT: Step 1: Identify absolute date from Context. Step 2: Identify entities. Step 3: Compare with Graph. Step 4: Resolve conflicts.
2025-12-29 14:04:25,151 - Amadeus.Builder - INFO - ➕ NODE: Caroline
2025-12-29 14:04:25,151 - Amadeus.Builder - INFO - 🔗 LINK: Caroline --Received a hand-painted bowl as a gift on her 18th birthday, ten years ago.--> Hand-painted bowl (Time: 2013-07-XX)
2025-12-29 14:04:25,151 - Amadeus.Builder - INFO - ➕ NODE: Melanie
2025-12-29 14:04:25,151 - Amadeus.Builder - INFO - 🔗 LINK: Melanie --Spent time with her family in the mountains, exploring nature, roasting marshmallows, and hiking.--> Family (Time: 2023-07-29)
2025-12-29 14:04:25,151 - Amadeus.Builder - INFO - 🔗 LINK: Caroline --Exploring a career in counseling, specifically focusing on trans people and mental health support.--> Counseling (Time: 2023-07-29)
2025-12-29 14:04:25,151 - Amadeus.Builder - INFO - 🔗 LINK: Caroline --Attended an LGBTQ+ counseling workshop on Friday, learning about therapeutic methods and support for trans people.--> LGBTQ+ Counseling Workshop (Time: 2023-07-29)
2025-12-29 14:04:25,151 - Amadeus.Builder - INFO - 🔗 LINK: Caroline --Exploring counseling and mental health work, specifically with trans people.--> Career Options (Time: 2023-07-29)
2025-12-29 14:04:25,151 - Amadeus.Builder - INFO - 🔗 LINK: Caroline --Attended an LGBTQ+ counseling workshop, gaining insights into therapeutic methods and support for trans people.--> Support Group (Time: 2023-07-29)
2025-12-29 14:04:25,151 - Amadeus.Builder - INFO - 🔗 LINK: Melanie --Spent quality time with her family in the mountains, enjoying nature and bonding.--> Family (Time: 2023-07-29)
2025-12-29 14:04:29,075 - Amadeus.Builder - INFO - 🤔 Builder CoT: Step 1: Identify absolute date from Context (none provided). Step 2: Identify entities. Step 3: Compare with Graph. Step 4: Resolve conflicts.
2025-12-29 14:04:29,075 - Amadeus.Builder - INFO - ➕ NODE: Caroline
2025-12-29 14:04:29,075 - Amadeus.Builder - INFO - 🔗 LINK: Caroline --Exploring counseling and mental health work, specifically focusing on advocacy and supporting the LGBTQ+ community.--> Career Options (Time: 2023-07-29)
2025-12-29 14:04:29,075 - Amadeus.Builder - INFO - 🔗 LINK: Caroline --Learning the piano as a creative outlet.--> Piano (Time: 2023-07-29)
2025-12-29 14:04:29,075 - Amadeus.Builder - INFO - 🔗 LINK: Melanie --Signed up for a pottery class as a form of therapy and creative expression.--> Pottery Class (Time: 2023-07-29)
2025-12-29 14:04:29,075 - Amadeus.Builder - INFO - 🔗 LINK: Melanie --Made a hand-painted bowl in her pottery class.--> Bowl (Time: 2023-07-29)
2025-12-29 14:04:29,075 - Amadeus.Builder - INFO - 🔗 LINK: Melanie --Still married for 5 years, has a husband and children, continues to spend quality time with her family.--> Family (Time: 2023-07-29)
2025-12-29 14:04:29,075 - Amadeus.Builder - INFO - 🔗 LINK: Caroline --Attending a transgender conference this month to meet other people in the community and learn more about advocacy.--> Transgender Conference (Time: 2023-07-29)
2025-12-29 14:04:32,587 - Amadeus.Builder - INFO - 🤔 Builder CoT: Step 1: Identify absolute date from Context (none provided). Step 2: Identify entities. Step 3: Compare with Graph. Step 4: Resolve conflicts.
2025-12-29 14:04:32,587 - Amadeus.Builder - INFO - ➕ NODE: Caroline
2025-12-29 14:04:32,587 - Amadeus.Builder - INFO - 🔗 LINK: Caroline --Creating a library for her future children, filled with various types of books including classics, stories from different cultures, and educational books.--> Library (Time: Unknown)
2025-12-29 14:04:32,587 - Amadeus.Builder - INFO - 🔗 LINK: Caroline --Support network has been amazing, providing love, guidance, and acceptance throughout her transition.--> Friends and Family (Time: Unknown)
2025-12-29 14:04:32,588 - Amadeus.Builder - INFO - 🔗 LINK: Melanie --Family includes a husband and children, spent time at the museum with the kids, and enjoyed a camping trip at the beach.--> Family (Time: Unknown)
2025-12-29 14:04:32,588 - Amadeus.Builder - INFO - 🔗 LINK: Melanie --Visited the museum with the kids, particularly enjoyed the dinosaur exhibit.--> Museum Visit (Time: Unknown)
2025-12-29 14:04:32,588 - Amadeus.Builder - INFO - 🔗 LINK: Melanie --Spent a camping trip at the beach with the family, bringing them closer together.--> Family Camping (Time: Unknown)
2025-12-29 14:04:32,588 - Amadeus.Builder - INFO - 🔗 LINK: Melanie --Loved reading 'Charlotte's Web' as a child, appreciates the importance of friendship and compassion.--> Favorite Book (Time: Unknown)
2025-12-29 14:04:35,440 - Amadeus.Builder - INFO - 🤔 Builder CoT: Step 1: Identify absolute date from Context. Step 2: Identify entities. Step 3: Compare with Graph. Step 4: Resolve conflicts.
2025-12-29 14:04:35,440 - Amadeus.Builder - INFO - ➕ NODE: Caroline
2025-12-29 14:04:35,441 - Amadeus.Builder - INFO - 🔗 LINK: Caroline --Exploring counseling and mental health work, specifically focusing on advocacy and supporting the LGBTQ+ community.--> Career Options (Time: 2023-07-29)
2025-12-29 14:04:35,441 - Amadeus.Builder - INFO - 🔗 LINK: Caroline --Read 'Becoming Nicole' by Amy Ellis Nutt, learned about self-acceptance and finding support.--> Books (Time: 2023-07-29)
2025-12-29 14:04:35,441 - Amadeus.Builder - INFO - 🔗 LINK: Melanie --Has a dog named Luna and a cat named Oliver.--> Pets (Time: 2023-07-29)
2025-12-29 14:04:35,441 - Amadeus.Builder - INFO - 🔗 LINK: Melanie --Started running longer distances to de-stress.--> Running (Time: 2023-07-29)
2025-12-29 14:04:41,112 - Amadeus.Builder - INFO - 🤔 Builder CoT: Step 1: Identify absolute dates from the context. Step 2: Identify entities. Step 3: Compare with the Graph. Step 4: Resolve conflicts.
2025-12-29 14:04:41,112 - Amadeus.Builder - INFO - 🔗 LINK: Melanie --Took kids to a pottery workshop, made pots together.--> Pottery Class (Time: 2023-07-29)
2025-12-29 14:04:41,112 - Amadeus.Builder - INFO - 🔗 LINK: Melanie --Painting nature-inspired works with kids.--> Painting (Time: 2023-07-29)
2025-12-29 14:04:41,112 - Amadeus.Builder - INFO - 🔗 LINK: Melanie --Made a hand-painted bowl in pottery class.--> Bowl (Time: 2023-07-29)
2025-12-29 14:04:41,112 - Amadeus.Builder - INFO - 🔗 LINK: Melanie --Spent time at the beach camping with kids.--> Family (Time: 2023-07-29)
2025-12-29 14:04:41,112 - Amadeus.Builder - INFO - 🔗 LINK: Caroline --Attended an adoption council meeting, inspired to create a loving home for children.--> Adoption (Time: 2023-07-29)
2025-12-29 14:04:41,112 - Amadeus.Builder - INFO - 🔗 LINK: Caroline --Discussed sunflowers representing warmth and happiness, roses representing love and beauty.--> Flowers (Time: 2023-07-29)
2025-12-29 14:04:41,112 - Amadeus.Builder - INFO - 🔗 LINK: Caroline --Attended a pride parade, felt accepted and inspired by the community.--> Pride Parade (Time: 2023-07-29)
2025-12-29 14:04:41,112 - Amadeus.Builder - INFO - 🔗 LINK: Caroline --Realized the freedom and courage to express herself authentically.--> Transition (Time: 2023-07-29)
2025-12-29 14:04:41,113 - Amadeus.Builder - INFO - 🔗 LINK: Melanie --Family includes a husband and children, spent time at the beach camping with kids.--> Family (Time: 2023-07-29)
2025-12-29 14:04:41,113 - Amadeus.Builder - INFO - 🔗 LINK: Melanie --Enjoy hiking in the mountains and exploring forests with family.--> Nature (Time: 2023-07-29)
2025-12-29 14:04:41,113 - Amadeus.Builder - INFO - 🔗 LINK: Caroline --Appreciates the support and love from friends and family.--> Friends and Family (Time: 2023-07-29)
2025-12-29 14:04:41,113 - Amadeus.Builder - INFO - 🔗 LINK: Melanie --Family support is crucial for peace and happiness.--> Friends and Family (Time: 2023-07-29)
2025-12-29 14:04:45,068 - Amadeus.Builder - INFO - 🤔 Builder CoT: Step 1: Identify absolute date from Context (none provided). Step 2: Identify entities. Step 3: Compare with Graph. Step 4: Resolve conflicts.
2025-12-29 14:04:45,068 - Amadeus.Builder - INFO - 🔗 LINK: Caroline --Joined a mentorship program for LGBTQ youth, supporting and mentoring young folks.--> Mentorship Program (Time: Unknown)
2025-12-29 14:04:45,068 - Amadeus.Builder - INFO - 🔗 LINK: Caroline --Met some amazing young folks and supported them along the way.--> Mentorship Program (Time: Unknown)
2025-12-29 14:04:45,068 - Amadeus.Builder - INFO - 🔗 LINK: Caroline --Mentors a transgender teen, working on building confidence and finding positive strategies.--> Transgender Teen (Time: Unknown)
2025-12-29 14:04:45,068 - Amadeus.Builder - INFO - 🔗 LINK: Caroline --Attended an LGBTQ pride event, felt encouraged by the support and love from the community.--> LGBTQ Pride Event (Time: 2023-07-29)
2025-12-29 14:04:45,068 - Amadeus.Builder - INFO - 🔗 LINK: Caroline --Hosting an LGBTQ art show with paintings, excited about the upcoming event.--> Art Show (Time: 2023-08-XX)
2025-12-29 14:04:45,068 - Amadeus.Builder - INFO - 🔗 LINK: Caroline --Painted a piece for the art show, inspired by a visit to a LGBTQ center, capturing unity and strength.--> Painting (Time: 2023-08-XX)
2025-12-29 14:04:45,068 - Amadeus.Builder - INFO - ⏳ WAIT: Seeing my mentee's face light ...
2025-12-29 14:04:45,068 - Amadeus.Builder - INFO - ⏳ WAIT: Check out my painting for the ...
2025-12-29 14:04:45,069 - Amadeus.Buffer - INFO - 🔄 Buffer carrying over 2 items (WAIT).
2025-12-29 14:04:49,059 - Amadeus.Builder - INFO - 🤔 Builder CoT: Step 1: Identify absolute date from Context. Step 2: Identify entities. Step 3: Compare with Graph. Step 4: Resolve conflicts.
2025-12-29 14:04:49,059 - Amadeus.Builder - INFO - 🔗 LINK: Caroline --Joined a new LGBTQ activist group called 'Connected LGBTQ Activists'.--> Connected LGBTQ Activists (Time: 2023-07-25)
2025-12-29 14:04:49,059 - Amadeus.Builder - INFO - 🔗 LINK: Caroline --Participated in a pride parade, which was a powerful reminder of the fight for equality and inclusivity.--> Pride Parade (Time: 2023-07-29)
2025-12-29 14:04:49,059 - Amadeus.Builder - INFO - 🔗 LINK: Caroline --Spent a beach trip with family, where the kids had a blast.--> Beach Trip (Time: 2023-07-29)
2025-12-29 14:04:49,059 - Amadeus.Builder - INFO - 🔗 LINK: Caroline --Looking forward to a family camping trip where they roast marshmallows and tell stories around the campfire.--> Family Camping (Time: 2023-07-29)
2025-12-29 14:04:49,059 - Amadeus.Builder - INFO - 🔗 LINK: Melanie --Experienced a memorable Perseid meteor shower camping trip last year, which was a special moment.--> Perseid Meteor Shower (Time: 2022-08-12)
2025-12-29 14:04:49,059 - Amadeus.Builder - INFO - 🔗 LINK: Melanie --Recalled the day her youngest took her first steps, which was a significant milestone.--> First Steps (Time: Unknown)
2025-12-29 14:04:49,059 - Amadeus.Builder - INFO - 🔗 LINK: Melanie --Reflects on the joy and love brought by her family, emphasizing the importance of family bonds.--> Family (Time: 2023-07-29)
2025-12-29 14:04:54,929 - Amadeus.Builder - INFO - 🤔 Builder CoT: Step 1: Identify absolute date from Context. Step 2: Identify entities. Step 3: Compare with Graph. Step 4: Resolve conflicts.
2025-12-29 14:04:54,929 - Amadeus.Builder - INFO - ➕ NODE: Caroline
2025-12-29 14:04:54,929 - Amadeus.Builder - INFO - 🔗 LINK: Caroline --Felt inspired and reminded of the importance of standing up for LGBTQ rights.--> Pride Parade (Time: 2023-07-28)
2025-12-29 14:04:54,929 - Amadeus.Builder - INFO - 🔗 LINK: Caroline --Performed at a concert, his voice and songs were amazing.--> Matt Patterson (Time: 2023-07-28)
2025-12-29 14:04:54,929 - Amadeus.Builder - INFO - 🔗 LINK: Caroline --Expresses her trans experience, aims to show warmth, love, and self-acceptance.--> Art (Time: 2023-07-28)
2025-12-29 14:04:54,929 - Amadeus.Builder - INFO - 🔗 LINK: Caroline --A painting about finding comfort and love in being oneself, showing the journey of acceptance.--> Embracing Identity (Time: 2023-07-28)
2025-12-29 14:04:54,929 - Amadeus.Builder - INFO - 🔗 LINK: Caroline --Art helps in exploring the transition and changing body, teaching to accept imperfections.--> Self-Discovery and Acceptance Journey (Time: 2023-07-28)
2025-12-29 14:04:54,929 - Amadeus.Builder - INFO - 🔗 LINK: Melanie --Had a birthday celebration with a concert featuring Matt Patterson.--> Daughter (Time: 2023-07-28)
2025-12-29 14:04:54,929 - Amadeus.Builder - INFO - 🔗 LINK: Melanie --Performed at a concert, his voice and songs were amazing.--> Matt Patterson (Time: 2023-07-28)
2025-12-29 14:04:54,929 - Amadeus.Builder - INFO - 🔗 LINK: Melanie --Uses art as a form of therapy and creative expression.--> Art (Time: 2023-07-28)
2025-12-29 14:04:54,929 - Amadeus.Builder - INFO - 🔗 LINK: Melanie --A painting about finding comfort and love in being oneself, showing the journey of acceptance.--> Embracing Identity (Time: 2023-07-28)
2025-12-29 14:04:54,929 - Amadeus.Builder - INFO - 🔗 LINK: Melanie --Art helps in exploring the transition and changing body, teaching to accept imperfections.--> Self-Discovery and Acceptance Journey (Time: 2023-07-28)
2025-12-29 14:04:59,165 - Amadeus.Builder - INFO - 🤔 Builder CoT: Step 1: Identify absolute date from Context. Step 2: Identify entities. Step 3: Compare with Graph. Step 4: Resolve conflicts.
2025-12-29 14:04:59,166 - Amadeus.Builder - INFO - 🔗 LINK: Caroline --Had a not-so-great experience on a hike due to religious conservatives, which made her think about LGBTQ rights progress.--> Melanie (Time: Unknown)
2025-12-29 14:04:59,166 - Amadeus.Builder - INFO - 🔗 LINK: Caroline --Received support from friends who accept and support her, which helps her feel secure.--> Melanie (Time: Unknown)
2025-12-29 14:04:59,166 - Amadeus.Builder - INFO - 🔗 LINK: Melanie --Finished a pottery project, proud of it.--> Bowl (Time: 2023-07-29)
2025-12-29 14:04:59,166 - Amadeus.Builder - INFO - 🔗 LINK: Melanie --Made a hand-painted bowl in pottery class, expressing her feelings and being creative.--> Bowl (Time: 2023-07-29)
2025-12-29 14:04:59,166 - Amadeus.Builder - INFO - 🔗 LINK: Caroline --Encouraged Melanie's artistic expression and its role in self-expression and growth.--> Melanie (Time: 2023-07-29)
2025-12-29 14:04:59,166 - Amadeus.Builder - INFO - 🔗 LINK: Melanie --Acknowledged Caroline's support and expressed gratitude for their friendship.--> Caroline (Time: 2023-07-29)
2025-12-29 14:04:59,166 - Amadeus.Builder - INFO - 🔗 LINK: Caroline --Proposed a family outing this summer.--> Melanie (Time: 2023-07-29)
2025-12-29 14:04:59,166 - Amadeus.Builder - INFO - 🔗 LINK: Melanie --Agreed to a family outing this summer.--> Caroline (Time: 2023-07-29)
2025-12-29 14:05:03,652 - Amadeus.Builder - INFO - 🤔 Builder CoT: Step 1: Identify absolute date from Context. Step 2: Identify entities. Step 3: Compare with Graph. Step 4: Resolve conflicts.
2025-12-29 14:05:03,652 - Amadeus.Builder - INFO - 🔗 LINK: Caroline --Applied to adoption agencies for kids in need, focusing on LGBTQ+ inclusivity.--> Adoption Agencies (Time: 2023-07-29)
2025-12-29 14:05:03,652 - Amadeus.Builder - INFO - 🔗 LINK: Caroline --Guinea pig, loves vegetables.--> Oscar (Time: 2023-07-29)
2025-12-29 14:05:03,652 - Amadeus.Builder - INFO - 🔗 LINK: Melanie --New cat, part of her pet family.--> Bailey (Time: 2023-07-29)
2025-12-29 14:05:03,652 - Amadeus.Builder - INFO - 🔗 LINK: Melanie --Cat, part of her pet family.--> Oliver (Time: 2023-07-29)
2025-12-29 14:05:03,652 - Amadeus.Builder - INFO - 🔗 LINK: Melanie --Painted a horse, expressing her love for horses.--> Horse Painting (Time: 2023-07-29)
2025-12-29 14:05:03,652 - Amadeus.Builder - INFO - 🔗 LINK: Caroline --Created a self-portrait, feeling liberated and empowered.--> Self-Portrait (Time: 2023-07-29)
2025-12-29 14:05:03,652 - Amadeus.Builder - INFO - 🔗 LINK: Caroline --Exploring adoption agencies, focusing on LGBTQ+ inclusivity.--> Adoption (Time: 2023-07-29)
2025-12-29 14:05:03,652 - Amadeus.Builder - INFO - 🔗 LINK: Caroline --Using art as a form of therapy and self-expression, exploring identity and authenticity.--> Art (Time: 2023-07-29)
2025-12-29 14:05:03,652 - Amadeus.Builder - INFO - 🔗 LINK: Melanie --Family includes a husband, children, and pets (Oscar, Bailey, and Oliver).--> Family (Time: 2023-07-29)
2025-12-29 14:05:10,043 - Amadeus.Builder - INFO - 🤔 Builder CoT: Step 1: Identify the context and temporal information from the buffer. Step 2: Identify the subjects and objects in the conversation. Step 3: Compare with the existing graph to identify new facts or updates. Step 4: Resolve any conflicts or add new information.
2025-12-29 14:05:10,043 - Amadeus.Builder - INFO - 🔗 LINK: Caroline --Made a hand-painted bowl in pottery class.--> Pottery Class (Time: 2023-07-29)
2025-12-29 14:05:10,043 - Amadeus.Builder - INFO - 🔗 LINK: Caroline --Painted a sunset scene inspired by a beach visit.--> Painting (Time: 2023-07-29)
2025-12-29 14:05:10,043 - Amadeus.Builder - INFO - 🔗 LINK: Caroline --Made a stained glass window to remind of personal journey and resilience.--> Stained Glass Window (Time: 2023-07-29)
2025-12-29 14:05:10,043 - Amadeus.Builder - INFO - 🔗 LINK: Caroline --Found a vibrant rainbow sidewalk for Pride Month in her neighborhood.--> Rainbow Sidewalk (Time: 2023-07-29)
2025-12-29 14:05:10,043 - Amadeus.Builder - INFO - 🔗 LINK: Caroline --Drawn flowers as a creative outlet.--> Drawing (Time: 2023-07-29)
2025-12-29 14:05:10,043 - Amadeus.Builder - INFO - 🔗 LINK: Melanie --Painted landscapes and still life.--> Painting (Time: 2023-07-29)
2025-12-29 14:05:10,043 - Amadeus.Builder - INFO - 🔗 LINK: Caroline --Organizing an LGBTQ art show next month.--> LGBTQ Art Show (Time: 2023-07-29)
2025-12-29 14:05:10,043 - Amadeus.Builder - INFO - 🔗 LINK: Caroline --Finding a supportive community and accepting her journey.--> Transition (Time: 2023-07-29)
2025-12-29 14:05:10,043 - Amadeus.Builder - INFO - 🔗 LINK: Caroline --Important to her as it represents the courage and strength of the trans community.--> Rainbow Flag Mural (Time: 2023-07-29)
2025-12-29 14:05:10,043 - Amadeus.Builder - INFO - 🔗 LINK: Caroline --Symbolizes freedom and pride, representing her own resilience and that of others.--> Eagle Symbol (Time: 2023-07-29)
2025-12-29 14:05:10,044 - Amadeus.Builder - INFO - 🔗 LINK: Caroline --Shows time changing our lives and celebrates personal journey and resilience.--> Stained Glass Window (Time: 2023-07-29)
2025-12-29 14:05:10,044 - Amadeus.Builder - INFO - 🔗 LINK: Melanie --Volunteered at a homeless shelter, making a difference.--> Volunteering (Time: 2023-07-29)
2025-12-29 14:05:14,977 - Amadeus.Builder - INFO - 🤔 Builder CoT: Step 1: Identify the context from the buffer. Step 2: Identify the entities and their relationships. Step 3: Compare with the graph to identify new facts or updates. Step 4: Resolve any conflicts or add new information.
2025-12-29 14:05:14,977 - Amadeus.Builder - INFO - 🔗 LINK: Caroline --Volunteered at an LGBTQ+ youth center, guided and supported young people, shared her story, and organized a talent show for the kids next month.--> LGBTQ Youth Center (Time: Unknown)
2025-12-29 14:05:14,977 - Amadeus.Builder - INFO - 🔗 LINK: Caroline --Caroline is dedicated to volunteering at the youth center and making a difference.--> Volunteering (Time: Unknown)
2025-12-29 14:05:14,977 - Amadeus.Builder - INFO - 🔗 LINK: Caroline --Organizing a talent show for the kids at the youth center next month.--> Talent Show (Time: Unknown)
2025-12-29 14:05:14,977 - Amadeus.Builder - INFO - 🔗 LINK: Melanie --Plays clarinet, started when young, as a way to express herself and relax.--> Clarinet (Time: Unknown)
2025-12-29 14:05:14,977 - Amadeus.Builder - INFO - 🔗 LINK: Melanie --Favorable towards both classical music (Bach, Mozart) and modern music (Ed Sheeran's 'Perfect').--> Music (Time: Unknown)
2025-12-29 14:05:14,977 - Amadeus.Builder - INFO - 🔗 LINK: Caroline --Started playing acoustic guitar about five years ago, uses it to express herself and escape into her emotions.--> Guitar (Time: Unknown)
2025-12-29 14:05:14,977 - Amadeus.Builder - INFO - 🔗 LINK: Caroline --Finds 'Brave' by Sara Bareilles significant, about being courageous and fighting for what's right.--> Song (Time: Unknown)
2025-12-29 14:05:14,977 - Amadeus.Builder - INFO - 🔗 LINK: Melanie --Attended a show by 'Summer Sounds', played an awesome pop song that got everyone dancing and singing.--> Band (Time: Unknown)
2025-12-29 14:05:19,163 - Amadeus.Builder - INFO - 🤔 Builder CoT: Step 1: Identify the context from the buffer. Step 2: Identify the subjects and objects. Step 3: Compare with the graph. Step 4: Resolve any conflicts or add new information.
2025-12-29 14:05:19,163 - Amadeus.Builder - INFO - ➕ NODE: Caroline
2025-12-29 14:05:19,163 - Amadeus.Builder - INFO - 🔗 LINK: Caroline --Beautiful picture with yellow leaves, taken during biking trip.--> Pic (Time: Unknown)
2025-12-29 14:05:19,163 - Amadeus.Builder - INFO - ➕ NODE: Melanie
2025-12-29 14:05:19,163 - Amadeus.Builder - INFO - 🔗 LINK: Caroline --Inspired by the impact of her work in the LGBTQ+ community, helping create a more loving world.--> Volunteering (Time: Unknown)
2025-12-29 14:05:19,163 - Amadeus.Builder - INFO - 🔗 LINK: Caroline --Painting to show her path as a trans woman, using red and blue to represent the binary gender system and smashing rigid thinking.--> Art (Time: Unknown)
2025-12-29 14:05:19,163 - Amadeus.Builder - INFO - 🔗 LINK: Melanie --Pottery creation, finds it calming and satisfying.--> Art (Time: Unknown)
2025-12-29 14:05:19,163 - Amadeus.Builder - INFO - 🔗 LINK: Caroline --Journey has changed relationships, some close friends supported, but a few couldn't handle it. Now feels happier with those who accept and love her.--> Relationships (Time: Unknown)
2025-12-29 14:05:19,163 - Amadeus.Builder - INFO - 🔗 LINK: Melanie --Thoughtful sign at the café, brought happiness.--> Sign (Time: Unknown)
2025-12-29 14:05:23,714 - Amadeus.Builder - INFO - 🤔 Builder CoT: Step 1: Identify the context and entities. Step 2: Compare the new information with the existing graph. Step 3: Resolve any conflicts or add new information.
2025-12-29 14:05:23,714 - Amadeus.Builder - INFO - 🔗 LINK: Caroline --Contacted mentor for adoption advice, planning to adopt kids in need, focusing on LGBTQ+ inclusivity.--> Adoption (Time: 2023-07-29)
2025-12-29 14:05:23,715 - Amadeus.Builder - INFO - 🔗 LINK: Caroline --Researching and gathering information on adoption agencies.--> Adoption Agency (Time: 2023-07-29)
2025-12-29 14:05:23,715 - Amadeus.Builder - INFO - 🔗 LINK: Melanie --Considering adoption, inspired by a friend's experience.--> Adoption (Time: 2023-07-29)
2025-12-29 14:05:23,715 - Amadeus.Builder - INFO - 🔗 LINK: Melanie --Taking a break from pottery due to injury, but continuing to paint as a creative outlet.--> Pottery Class (Time: 2023-07-29)
2025-12-29 14:05:23,715 - Amadeus.Builder - INFO - 🔗 LINK: Melanie --Painted an abstract painting inspired by the sunset, aiming for a tranquil vibe.--> Abstract Painting (Time: 2023-07-29)
2025-12-29 14:05:23,715 - Amadeus.Builder - INFO - 🔗 LINK: Caroline --Attended a transgender poetry reading, inspired to create art.--> Poetry Reading (Time: 2023-07-29)
2025-12-29 14:05:23,715 - Amadeus.Builder - INFO - 🔗 LINK: Caroline --Drew a painting representing freedom and self-expression, inspired by the poetry reading.--> Art (Time: 2023-07-29)
2025-12-29 14:05:23,715 - Amadeus.Builder - INFO - 🔗 LINK: Melanie --Painted a sunset-inspired abstract painting, aiming for tranquility.--> Art (Time: 2023-07-29)
2025-12-29 14:05:28,783 - Amadeus.Builder - INFO - 🤔 Builder CoT: Step 1: Identify the context and entities. Step 2: Extract relevant information from the buffer. Step 3: Compare with the existing graph. Step 4: Resolve conflicts and add new information.
2025-12-29 14:05:28,783 - Amadeus.Builder - INFO - ➕ NODE: Caroline
2025-12-29 14:05:28,783 - Amadeus.Builder - INFO - ➕ NODE: Melanie
2025-12-29 14:05:28,783 - Amadeus.Builder - INFO - 🔗 LINK: Melanie --Involved in a car accident, but is okay.--> Son (Time: Unknown)
2025-12-29 14:05:28,783 - Amadeus.Builder - INFO - 🔗 LINK: Melanie --Spent time at the Grand Canyon, enjoyed the experience.--> Family (Time: Unknown)
2025-12-29 14:05:28,783 - Amadeus.Builder - INFO - 🔗 LINK: Melanie --Children were scared but reassured by their parents.--> Children (Time: Unknown)
2025-12-29 14:05:28,783 - Amadeus.Builder - INFO - ➕ NODE: Melanie
2025-12-29 14:05:28,783 - Amadeus.Builder - INFO - 🔗 LINK: Melanie --Spends time camping with her family, enjoys bonding over stories and nature.--> Family (Time: Yesterday)
2025-12-29 14:05:28,783 - Amadeus.Builder - INFO - 🔗 LINK: Melanie --Children enjoyed the camping trip and the experience of being in nature.--> Children (Time: Yesterday)
2025-12-29 14:05:28,783 - Amadeus.Builder - INFO - ➕ NODE: Melanie
2025-12-29 14:05:28,784 - Amadeus.Builder - INFO - 🔗 LINK: Melanie --Spends quality time with her family, values the peace and serenity of nature.--> Family (Time: Yesterday)
2025-12-29 14:05:34,862 - Amadeus.Builder - INFO - 🤔 Builder CoT: Step 1: Identify absolute date from Context (none provided, so we'll use relative dates). Step 2: Identify entities. Step 3: Compare with Graph. Step 4: Resolve conflicts and add new facts.
2025-12-29 14:05:34,863 - Amadeus.Builder - INFO - 🔗 LINK: Caroline --Passed adoption agency interviews, moving towards goal of having a family.--> Adoption (Time: last Friday)
2025-12-29 14:05:34,863 - Amadeus.Builder - INFO - ➕ NODE: Caroline
2025-12-29 14:05:34,863 - Amadeus.Builder - INFO - ➕ NODE: Caroline
2025-12-29 14:05:34,863 - Amadeus.Builder - INFO - ➕ NODE: Caroline
2025-12-29 14:05:34,863 - Amadeus.Builder - INFO - ➕ NODE: Caroline
2025-12-29 14:05:34,863 - Amadeus.Builder - INFO - ➕ NODE: Caroline
2025-12-29 14:05:34,863 - Amadeus.Builder - INFO - ➕ NODE: Caroline
2025-12-29 14:05:34,863 - Amadeus.Builder - INFO - ➕ NODE: Caroline
2025-12-29 14:05:34,863 - Amadeus.Builder - INFO - ➕ NODE: Caroline
2025-12-29 14:05:34,863 - Amadeus.Builder - INFO - ➕ NODE: Caroline
2025-12-29 14:05:34,863 - Amadeus.Builder - INFO - ➕ NODE: Caroline
2025-12-29 14:05:34,863 - Amadeus.Builder - INFO - ➕ NODE: Melanie
2025-12-29 14:05:34,864 - Experiment - INFO - 📊 Graph Ready. Nodes: 73, Edges: 128
2025-12-29 14:05:34,864 - Experiment - INFO - 🔍 Phase 2: Evaluation...
2025-12-29 14:05:34,864 - Amadeus.Answerer - INFO - ❓ Question: When did Caroline go to the LGBTQ support group?
2025-12-29 14:05:35,064 - Amadeus.Answerer - INFO - Step 1: SEARCH - {'tool': 'SEARCH', 'query': 'Caroline LGBTQ support group', 'mode': 'semantic'}
2025-12-29 14:05:35,064 - Amadeus.Graph - ERROR - Semantic search failed: 'NoneType' object has no attribute 'embed'
2025-12-29 14:05:35,258 - Amadeus.Answerer - INFO - Step 2: SEARCH - {'tool': 'SEARCH', 'query': 'Caroline LGBTQ support group', 'mode': 'semantic'}
2025-12-29 14:05:35,258 - Amadeus.Graph - ERROR - Semantic search failed: 'NoneType' object has no attribute 'embed'
2025-12-29 14:05:35,452 - Amadeus.Answerer - INFO - Step 3: SEARCH - {'tool': 'SEARCH', 'query': 'Caroline LGBTQ support group', 'mode': 'semantic'}
2025-12-29 14:05:35,452 - Amadeus.Graph - ERROR - Semantic search failed: 'NoneType' object has no attribute 'embed'
2025-12-29 14:05:35,646 - Amadeus.Answerer - INFO - Step 4: SEARCH - {'tool': 'SEARCH', 'query': 'Caroline LGBTQ support group', 'mode': 'semantic'}
2025-12-29 14:05:35,646 - Amadeus.Graph - ERROR - Semantic search failed: 'NoneType' object has no attribute 'embed'
2025-12-29 14:05:35,818 - Amadeus.Answerer - INFO - Step 5: SEARCH - {'tool': 'SEARCH', 'query': 'Caroline LGBTQ support group', 'mode': 'semantic'}
2025-12-29 14:05:35,818 - Amadeus.Graph - ERROR - Semantic search failed: 'NoneType' object has no attribute 'embed'
2025-12-29 14:05:37,173 - Experiment - INFO - 
Q: When did Caroline go to the LGBTQ support group?
Category: 2
GT: 7 May 2023
Pred: Unknown
Result: ❌ (Score: 0.00)
Reason: 
2025-12-29 14:05:37,174 - Amadeus.Answerer - INFO - ❓ Question: When did Melanie paint a sunrise?
2025-12-29 14:05:37,364 - Amadeus.Answerer - INFO - Step 1: SEARCH - {'tool': 'SEARCH', 'query': 'Melanie sunrise painting', 'mode': 'semantic'}
2025-12-29 14:05:37,364 - Amadeus.Graph - ERROR - Semantic search failed: 'NoneType' object has no attribute 'embed'
2025-12-29 14:05:37,553 - Amadeus.Answerer - INFO - Step 2: SEARCH - {'tool': 'SEARCH', 'query': 'Melanie sunrise painting', 'mode': 'semantic'}
2025-12-29 14:05:37,553 - Amadeus.Graph - ERROR - Semantic search failed: 'NoneType' object has no attribute 'embed'
2025-12-29 14:05:37,741 - Amadeus.Answerer - INFO - Step 3: SEARCH - {'tool': 'SEARCH', 'query': 'Melanie sunrise painting', 'mode': 'semantic'}
2025-12-29 14:05:37,742 - Amadeus.Graph - ERROR - Semantic search failed: 'NoneType' object has no attribute 'embed'
2025-12-29 14:05:37,930 - Amadeus.Answerer - INFO - Step 4: SEARCH - {'tool': 'SEARCH', 'query': 'Melanie sunrise painting', 'mode': 'semantic'}
2025-12-29 14:05:37,930 - Amadeus.Graph - ERROR - Semantic search failed: 'NoneType' object has no attribute 'embed'
2025-12-29 14:05:38,093 - Amadeus.Answerer - INFO - Step 5: SEARCH - {'tool': 'SEARCH', 'query': 'Melanie sunrise painting', 'mode': 'semantic'}
2025-12-29 14:05:38,093 - Amadeus.Graph - ERROR - Semantic search failed: 'NoneType' object has no attribute 'embed'
2025-12-29 14:05:39,059 - Experiment - INFO - 
Q: When did Melanie paint a sunrise?
Category: 2
GT: 2022
Pred: Unknown
Result: ❌ (Score: 0.00)
Reason: 
2025-12-29 14:05:39,059 - Amadeus.Answerer - INFO - ❓ Question: What fields would Caroline be likely to pursue in her educaton?
2025-12-29 14:05:39,252 - Amadeus.Answerer - INFO - Step 1: SEARCH - {'tool': 'SEARCH', 'query': 'Caroline education fields', 'mode': 'semantic'}
2025-12-29 14:05:39,252 - Amadeus.Graph - ERROR - Semantic search failed: 'NoneType' object has no attribute 'embed'
2025-12-29 14:05:39,441 - Amadeus.Answerer - INFO - Step 2: SEARCH - {'tool': 'SEARCH', 'query': 'Caroline education fields', 'mode': 'semantic'}
2025-12-29 14:05:39,441 - Amadeus.Graph - ERROR - Semantic search failed: 'NoneType' object has no attribute 'embed'
2025-12-29 14:05:39,629 - Amadeus.Answerer - INFO - Step 3: SEARCH - {'tool': 'SEARCH', 'query': 'Caroline education fields', 'mode': 'semantic'}
2025-12-29 14:05:39,629 - Amadeus.Graph - ERROR - Semantic search failed: 'NoneType' object has no attribute 'embed'
2025-12-29 14:05:39,818 - Amadeus.Answerer - INFO - Step 4: SEARCH - {'tool': 'SEARCH', 'query': 'Caroline education fields', 'mode': 'semantic'}
2025-12-29 14:05:39,818 - Amadeus.Graph - ERROR - Semantic search failed: 'NoneType' object has no attribute 'embed'
2025-12-29 14:05:39,980 - Amadeus.Answerer - INFO - Step 5: SEARCH - {'tool': 'SEARCH', 'query': 'Caroline education fields', 'mode': 'semantic'}
2025-12-29 14:05:39,981 - Amadeus.Graph - ERROR - Semantic search failed: 'NoneType' object has no attribute 'embed'
2025-12-29 14:05:41,116 - Experiment - INFO - 
Q: What fields would Caroline be likely to pursue in her educaton?
Category: 3
GT: Psychology, counseling certification
Pred: Unknown
Result: ❌ (Score: 0.00)
Reason: 
2025-12-29 14:05:41,116 - Amadeus.Answerer - INFO - ❓ Question: What did Caroline research?
2025-12-29 14:05:41,301 - Amadeus.Answerer - INFO - Step 1: SEARCH - {'tool': 'SEARCH', 'query': 'Caroline research', 'mode': 'semantic'}
2025-12-29 14:05:41,301 - Amadeus.Graph - ERROR - Semantic search failed: 'NoneType' object has no attribute 'embed'
2025-12-29 14:05:41,484 - Amadeus.Answerer - INFO - Step 2: SEARCH - {'tool': 'SEARCH', 'query': 'Caroline research', 'mode': 'semantic'}
2025-12-29 14:05:41,484 - Amadeus.Graph - ERROR - Semantic search failed: 'NoneType' object has no attribute 'embed'
2025-12-29 14:05:41,666 - Amadeus.Answerer - INFO - Step 3: SEARCH - {'tool': 'SEARCH', 'query': 'Caroline research', 'mode': 'semantic'}
2025-12-29 14:05:41,667 - Amadeus.Graph - ERROR - Semantic search failed: 'NoneType' object has no attribute 'embed'
2025-12-29 14:05:41,849 - Amadeus.Answerer - INFO - Step 4: SEARCH - {'tool': 'SEARCH', 'query': 'Caroline research', 'mode': 'semantic'}
2025-12-29 14:05:41,849 - Amadeus.Graph - ERROR - Semantic search failed: 'NoneType' object has no attribute 'embed'
2025-12-29 14:05:42,006 - Amadeus.Answerer - INFO - Step 5: SEARCH - {'tool': 'SEARCH', 'query': 'Caroline research', 'mode': 'semantic'}
2025-12-29 14:05:42,006 - Amadeus.Graph - ERROR - Semantic search failed: 'NoneType' object has no attribute 'embed'
2025-12-29 14:05:43,156 - Experiment - INFO - 
Q: What did Caroline research?
Category: 1
GT: Adoption agencies
Pred: Unknown
Result: ❌ (Score: 0.00)
Reason: 
2025-12-29 14:05:43,156 - Amadeus.Answerer - INFO - ❓ Question: What is Caroline's identity?
2025-12-29 14:05:43,335 - Amadeus.Answerer - INFO - Step 1: SEARCH - {'tool': 'SEARCH', 'query': 'Caroline', 'mode': 'semantic'}
2025-12-29 14:05:43,335 - Amadeus.Graph - ERROR - Semantic search failed: 'NoneType' object has no attribute 'embed'
2025-12-29 14:05:43,512 - Amadeus.Answerer - INFO - Step 2: SEARCH - {'tool': 'SEARCH', 'query': 'Caroline', 'mode': 'semantic'}
2025-12-29 14:05:43,512 - Amadeus.Graph - ERROR - Semantic search failed: 'NoneType' object has no attribute 'embed'
2025-12-29 14:05:43,689 - Amadeus.Answerer - INFO - Step 3: SEARCH - {'tool': 'SEARCH', 'query': 'Caroline', 'mode': 'semantic'}
2025-12-29 14:05:43,689 - Amadeus.Graph - ERROR - Semantic search failed: 'NoneType' object has no attribute 'embed'
2025-12-29 14:05:43,866 - Amadeus.Answerer - INFO - Step 4: SEARCH - {'tool': 'SEARCH', 'query': 'Caroline', 'mode': 'semantic'}
2025-12-29 14:05:43,866 - Amadeus.Graph - ERROR - Semantic search failed: 'NoneType' object has no attribute 'embed'
2025-12-29 14:05:44,017 - Amadeus.Answerer - INFO - Step 5: SEARCH - {'tool': 'SEARCH', 'query': 'Caroline', 'mode': 'semantic'}
2025-12-29 14:05:44,017 - Amadeus.Graph - ERROR - Semantic search failed: 'NoneType' object has no attribute 'embed'
2025-12-29 14:05:45,033 - Experiment - INFO - 
Q: What is Caroline's identity?
Category: 1
GT: Transgender woman
Pred: Unknown
Result: ❌ (Score: 0.00)
Reason: 
2025-12-29 14:05:45,033 - Amadeus.Answerer - INFO - ❓ Question: When did Melanie run a charity race?
2025-12-29 14:05:45,223 - Amadeus.Answerer - INFO - Step 1: SEARCH - {'tool': 'SEARCH', 'query': 'Melanie charity race', 'mode': 'semantic'}
2025-12-29 14:05:45,224 - Amadeus.Graph - ERROR - Semantic search failed: 'NoneType' object has no attribute 'embed'
2025-12-29 14:05:45,414 - Amadeus.Answerer - INFO - Step 2: SEARCH - {'tool': 'SEARCH', 'query': 'Melanie charity race', 'mode': 'semantic'}
2025-12-29 14:05:45,414 - Amadeus.Graph - ERROR - Semantic search failed: 'NoneType' object has no attribute 'embed'
2025-12-29 14:05:45,604 - Amadeus.Answerer - INFO - Step 3: SEARCH - {'tool': 'SEARCH', 'query': 'Melanie charity race', 'mode': 'semantic'}
2025-12-29 14:05:45,604 - Amadeus.Graph - ERROR - Semantic search failed: 'NoneType' object has no attribute 'embed'
2025-12-29 14:05:45,792 - Amadeus.Answerer - INFO - Step 4: SEARCH - {'tool': 'SEARCH', 'query': 'Melanie charity race', 'mode': 'semantic'}
2025-12-29 14:05:45,793 - Amadeus.Graph - ERROR - Semantic search failed: 'NoneType' object has no attribute 'embed'
2025-12-29 14:05:45,955 - Amadeus.Answerer - INFO - Step 5: SEARCH - {'tool': 'SEARCH', 'query': 'Melanie charity race', 'mode': 'semantic'}
2025-12-29 14:05:45,955 - Amadeus.Graph - ERROR - Semantic search failed: 'NoneType' object has no attribute 'embed'
2025-12-29 14:05:46,889 - Experiment - INFO - 
Q: When did Melanie run a charity race?
Category: 2
GT: The sunday before 25 May 2023
Pred: Unknown
Result: ❌ (Score: 0.00)
Reason: 
2025-12-29 14:05:46,889 - Amadeus.Answerer - INFO - ❓ Question: When is Melanie planning on going camping?
2025-12-29 14:05:47,079 - Amadeus.Answerer - INFO - Step 1: SEARCH - {'tool': 'SEARCH', 'query': 'Melanie camping plan', 'mode': 'semantic'}
2025-12-29 14:05:47,080 - Amadeus.Graph - ERROR - Semantic search failed: 'NoneType' object has no attribute 'embed'
2025-12-29 14:05:47,268 - Amadeus.Answerer - INFO - Step 2: SEARCH - {'tool': 'SEARCH', 'query': 'Melanie camping plans', 'mode': 'semantic'}
2025-12-29 14:05:47,268 - Amadeus.Graph - ERROR - Semantic search failed: 'NoneType' object has no attribute 'embed'
2025-12-29 14:05:47,456 - Amadeus.Answerer - INFO - Step 3: SEARCH - {'tool': 'SEARCH', 'query': 'Melanie camping schedule', 'mode': 'semantic'}
2025-12-29 14:05:47,456 - Amadeus.Graph - ERROR - Semantic search failed: 'NoneType' object has no attribute 'embed'
2025-12-29 14:05:47,639 - Amadeus.Answerer - INFO - Step 4: SEARCH - {'tool': 'SEARCH', 'query': 'Melanie camping', 'mode': 'semantic'}
2025-12-29 14:05:47,640 - Amadeus.Graph - ERROR - Semantic search failed: 'NoneType' object has no attribute 'embed'
2025-12-29 14:05:47,825 - Amadeus.Answerer - INFO - Step 5: SEARCH - {'tool': 'SEARCH', 'query': 'Melanie camping', 'mode': 'semantic'}
2025-12-29 14:05:47,825 - Amadeus.Graph - ERROR - Semantic search failed: 'NoneType' object has no attribute 'embed'
2025-12-29 14:05:48,564 - Experiment - INFO - 
Q: When is Melanie planning on going camping?
Category: 2
GT: June 2023
Pred: Unknown
Result: ❌ (Score: 0.00)
Reason: 
2025-12-29 14:05:48,565 - Amadeus.Answerer - INFO - ❓ Question: What is Caroline's relationship status?
2025-12-29 14:05:48,755 - Amadeus.Answerer - INFO - Step 1: SEARCH - {'tool': 'SEARCH', 'query': 'Caroline relationship status', 'mode': 'semantic'}
2025-12-29 14:05:48,755 - Amadeus.Graph - ERROR - Semantic search failed: 'NoneType' object has no attribute 'embed'
2025-12-29 14:05:48,944 - Amadeus.Answerer - INFO - Step 2: SEARCH - {'tool': 'SEARCH', 'query': 'Caroline relationship status', 'mode': 'semantic'}
2025-12-29 14:05:48,944 - Amadeus.Graph - ERROR - Semantic search failed: 'NoneType' object has no attribute 'embed'
2025-12-29 14:05:49,132 - Amadeus.Answerer - INFO - Step 3: SEARCH - {'tool': 'SEARCH', 'query': 'Caroline relationship status', 'mode': 'semantic'}
2025-12-29 14:05:49,132 - Amadeus.Graph - ERROR - Semantic search failed: 'NoneType' object has no attribute 'embed'
2025-12-29 14:05:49,321 - Amadeus.Answerer - INFO - Step 4: SEARCH - {'tool': 'SEARCH', 'query': 'Caroline relationship status', 'mode': 'semantic'}
2025-12-29 14:05:49,321 - Amadeus.Graph - ERROR - Semantic search failed: 'NoneType' object has no attribute 'embed'
2025-12-29 14:05:49,486 - Amadeus.Answerer - INFO - Step 5: SEARCH - {'tool': 'SEARCH', 'query': 'Caroline relationship status', 'mode': 'semantic'}
2025-12-29 14:05:49,486 - Amadeus.Graph - ERROR - Semantic search failed: 'NoneType' object has no attribute 'embed'
2025-12-29 14:05:50,259 - Experiment - INFO - 
Q: What is Caroline's relationship status?
Category: 1
GT: Single
Pred: Unknown
Result: ❌ (Score: 0.00)
Reason: 
2025-12-29 14:05:50,259 - Amadeus.Answerer - INFO - ❓ Question: When did Caroline give a speech at a school?
2025-12-29 14:05:50,450 - Amadeus.Answerer - INFO - Step 1: SEARCH - {'tool': 'SEARCH', 'query': 'Caroline speech school', 'mode': 'semantic'}
2025-12-29 14:05:50,450 - Amadeus.Graph - ERROR - Semantic search failed: 'NoneType' object has no attribute 'embed'
2025-12-29 14:05:50,638 - Amadeus.Answerer - INFO - Step 2: SEARCH - {'tool': 'SEARCH', 'query': 'Caroline speech school', 'mode': 'semantic'}
2025-12-29 14:05:50,638 - Amadeus.Graph - ERROR - Semantic search failed: 'NoneType' object has no attribute 'embed'
2025-12-29 14:05:50,827 - Amadeus.Answerer - INFO - Step 3: SEARCH - {'tool': 'SEARCH', 'query': 'Caroline speech school', 'mode': 'semantic'}
2025-12-29 14:05:50,827 - Amadeus.Graph - ERROR - Semantic search failed: 'NoneType' object has no attribute 'embed'
2025-12-29 14:05:51,015 - Amadeus.Answerer - INFO - Step 4: SEARCH - {'tool': 'SEARCH', 'query': 'Caroline speech school', 'mode': 'semantic'}
2025-12-29 14:05:51,015 - Amadeus.Graph - ERROR - Semantic search failed: 'NoneType' object has no attribute 'embed'
2025-12-29 14:05:51,178 - Amadeus.Answerer - INFO - Step 5: SEARCH - {'tool': 'SEARCH', 'query': 'Caroline speech school', 'mode': 'semantic'}
2025-12-29 14:05:51,178 - Amadeus.Graph - ERROR - Semantic search failed: 'NoneType' object has no attribute 'embed'
2025-12-29 14:05:52,075 - Experiment - INFO - 
Q: When did Caroline give a speech at a school?
Category: 2
GT: The week before 9 June 2023
Pred: Unknown
Result: ❌ (Score: 0.00)
Reason: 
2025-12-29 14:05:52,075 - Amadeus.Answerer - INFO - ❓ Question: When did Caroline meet up with her friends, family, and mentors?
2025-12-29 14:05:52,277 - Amadeus.Answerer - INFO - Step 1: SEARCH - {'tool': 'SEARCH', 'query': 'Caroline meeting friends family mentors', 'mode': 'semantic'}
2025-12-29 14:05:52,277 - Amadeus.Graph - ERROR - Semantic search failed: 'NoneType' object has no attribute 'embed'
2025-12-29 14:05:52,477 - Amadeus.Answerer - INFO - Step 2: SEARCH - {'tool': 'SEARCH', 'query': 'Caroline meeting friends family mentors', 'mode': 'semantic'}
2025-12-29 14:05:52,477 - Amadeus.Graph - ERROR - Semantic search failed: 'NoneType' object has no attribute 'embed'
2025-12-29 14:05:52,677 - Amadeus.Answerer - INFO - Step 3: SEARCH - {'tool': 'SEARCH', 'query': 'Caroline meeting friends family mentors', 'mode': 'semantic'}
2025-12-29 14:05:52,677 - Amadeus.Graph - ERROR - Semantic search failed: 'NoneType' object has no attribute 'embed'
2025-12-29 14:05:52,876 - Amadeus.Answerer - INFO - Step 4: SEARCH - {'tool': 'SEARCH', 'query': 'Caroline meeting friends family mentors', 'mode': 'semantic'}
2025-12-29 14:05:52,877 - Amadeus.Graph - ERROR - Semantic search failed: 'NoneType' object has no attribute 'embed'
2025-12-29 14:05:53,050 - Amadeus.Answerer - INFO - Step 5: SEARCH - {'tool': 'SEARCH', 'query': 'Caroline meeting friends family mentors', 'mode': 'semantic'}
2025-12-29 14:05:53,051 - Amadeus.Graph - ERROR - Semantic search failed: 'NoneType' object has no attribute 'embed'
2025-12-29 14:05:55,367 - Experiment - INFO - 
Q: When did Caroline meet up with her friends, family, and mentors?
Category: 2
GT: The week before 9 June 2023
Pred: Unknown
Result: ❌ (Score: 0.00)
Reason: 
2025-12-29 14:05:55,368 - Amadeus.Answerer - INFO - ❓ Question: How long has Caroline had her current group of friends for?
2025-12-29 14:05:55,583 - Amadeus.Answerer - INFO - Step 1: SEARCH - {'tool': 'SEARCH', 'query': 'Caroline current group of friends duration', 'mode': 'semantic'}
2025-12-29 14:05:55,583 - Amadeus.Graph - ERROR - Semantic search failed: 'NoneType' object has no attribute 'embed'
2025-12-29 14:05:55,771 - Amadeus.Answerer - INFO - Step 2: SEARCH - {'tool': 'SEARCH', 'query': 'Caroline friends duration', 'mode': 'semantic'}
2025-12-29 14:05:55,771 - Amadeus.Graph - ERROR - Semantic search failed: 'NoneType' object has no attribute 'embed'
2025-12-29 14:05:55,960 - Amadeus.Answerer - INFO - Step 3: SEARCH - {'tool': 'SEARCH', 'query': 'Caroline friends duration', 'mode': 'semantic'}
2025-12-29 14:05:55,960 - Amadeus.Graph - ERROR - Semantic search failed: 'NoneType' object has no attribute 'embed'
2025-12-29 14:05:56,148 - Amadeus.Answerer - INFO - Step 4: SEARCH - {'tool': 'SEARCH', 'query': 'Caroline friends duration', 'mode': 'semantic'}
2025-12-29 14:05:56,148 - Amadeus.Graph - ERROR - Semantic search failed: 'NoneType' object has no attribute 'embed'
2025-12-29 14:05:56,339 - Amadeus.Answerer - INFO - Step 5: SEARCH - {'tool': 'SEARCH', 'query': 'Caroline friends duration', 'mode': 'semantic'}
2025-12-29 14:05:56,339 - Amadeus.Graph - ERROR - Semantic search failed: 'NoneType' object has no attribute 'embed'
2025-12-29 14:05:57,118 - Experiment - INFO - 
Q: How long has Caroline had her current group of friends for?
Category: 2
GT: 4 years
Pred: Unknown
Result: ❌ (Score: 0.00)
Reason: 
2025-12-29 14:05:57,118 - Amadeus.Answerer - INFO - ❓ Question: Where did Caroline move from 4 years ago?
2025-12-29 14:05:57,325 - Amadeus.Answerer - INFO - Step 1: SEARCH - {'tool': 'SEARCH', 'query': 'Caroline moved 4 years ago', 'mode': 'semantic'}
2025-12-29 14:05:57,325 - Amadeus.Graph - ERROR - Semantic search failed: 'NoneType' object has no attribute 'embed'
2025-12-29 14:05:57,531 - Amadeus.Answerer - INFO - Step 2: SEARCH - {'tool': 'SEARCH', 'query': 'Caroline moved 4 years ago', 'mode': 'semantic'}
2025-12-29 14:05:57,531 - Amadeus.Graph - ERROR - Semantic search failed: 'NoneType' object has no attribute 'embed'
2025-12-29 14:05:57,736 - Amadeus.Answerer - INFO - Step 3: SEARCH - {'tool': 'SEARCH', 'query': 'Caroline moved 4 years ago', 'mode': 'semantic'}
2025-12-29 14:05:57,736 - Amadeus.Graph - ERROR - Semantic search failed: 'NoneType' object has no attribute 'embed'
2025-12-29 14:05:57,941 - Amadeus.Answerer - INFO - Step 4: SEARCH - {'tool': 'SEARCH', 'query': 'Caroline moved 4 years ago', 'mode': 'semantic'}
2025-12-29 14:05:57,942 - Amadeus.Graph - ERROR - Semantic search failed: 'NoneType' object has no attribute 'embed'
2025-12-29 14:05:58,120 - Amadeus.Answerer - INFO - Step 5: SEARCH - {'tool': 'SEARCH', 'query': 'Caroline moved 4 years ago', 'mode': 'semantic'}
2025-12-29 14:05:58,120 - Amadeus.Graph - ERROR - Semantic search failed: 'NoneType' object has no attribute 'embed'
2025-12-29 14:05:58,955 - Experiment - INFO - 
Q: Where did Caroline move from 4 years ago?
Category: 1
GT: Sweden
Pred: Unknown
Result: ❌ (Score: 0.00)
Reason: 
2025-12-29 14:05:58,955 - Amadeus.Answerer - INFO - ❓ Question: How long ago was Caroline's 18th birthday?
2025-12-29 14:05:59,162 - Amadeus.Answerer - INFO - Step 1: SEARCH - {'tool': 'SEARCH', 'query': 'Caroline 18th birthday', 'mode': 'semantic'}
2025-12-29 14:05:59,162 - Amadeus.Graph - ERROR - Semantic search failed: 'NoneType' object has no attribute 'embed'
2025-12-29 14:05:59,367 - Amadeus.Answerer - INFO - Step 2: SEARCH - {'tool': 'SEARCH', 'query': 'Caroline 18th birthday', 'mode': 'semantic'}
2025-12-29 14:05:59,367 - Amadeus.Graph - ERROR - Semantic search failed: 'NoneType' object has no attribute 'embed'
2025-12-29 14:05:59,573 - Amadeus.Answerer - INFO - Step 3: SEARCH - {'tool': 'SEARCH', 'query': 'Caroline 18th birthday', 'mode': 'semantic'}
2025-12-29 14:05:59,573 - Amadeus.Graph - ERROR - Semantic search failed: 'NoneType' object has no attribute 'embed'
2025-12-29 14:05:59,778 - Amadeus.Answerer - INFO - Step 4: SEARCH - {'tool': 'SEARCH', 'query': 'Caroline 18th birthday', 'mode': 'semantic'}
2025-12-29 14:05:59,778 - Amadeus.Graph - ERROR - Semantic search failed: 'NoneType' object has no attribute 'embed'
2025-12-29 14:05:59,960 - Amadeus.Answerer - INFO - Step 5: SEARCH - {'tool': 'SEARCH', 'query': 'Caroline 18th birthday', 'mode': 'semantic'}
2025-12-29 14:05:59,960 - Amadeus.Graph - ERROR - Semantic search failed: 'NoneType' object has no attribute 'embed'
2025-12-29 14:06:00,792 - Experiment - INFO - 
Q: How long ago was Caroline's 18th birthday?
Category: 2
GT: 10 years ago
Pred: Unknown
Result: ❌ (Score: 0.00)
Reason: 
2025-12-29 14:06:00,792 - Amadeus.Answerer - INFO - ❓ Question: What career path has Caroline decided to persue?
2025-12-29 14:06:00,982 - Amadeus.Answerer - INFO - Step 1: SEARCH - {'tool': 'SEARCH', 'query': 'Caroline career path', 'mode': 'semantic'}
2025-12-29 14:06:00,982 - Amadeus.Graph - ERROR - Semantic search failed: 'NoneType' object has no attribute 'embed'
2025-12-29 14:06:01,170 - Amadeus.Answerer - INFO - Step 2: SEARCH - {'tool': 'SEARCH', 'query': 'Caroline career path', 'mode': 'semantic'}
2025-12-29 14:06:01,170 - Amadeus.Graph - ERROR - Semantic search failed: 'NoneType' object has no attribute 'embed'
2025-12-29 14:06:01,358 - Amadeus.Answerer - INFO - Step 3: SEARCH - {'tool': 'SEARCH', 'query': 'Caroline career path', 'mode': 'semantic'}
2025-12-29 14:06:01,358 - Amadeus.Graph - ERROR - Semantic search failed: 'NoneType' object has no attribute 'embed'
2025-12-29 14:06:01,547 - Amadeus.Answerer - INFO - Step 4: SEARCH - {'tool': 'SEARCH', 'query': 'Caroline career path', 'mode': 'semantic'}
2025-12-29 14:06:01,547 - Amadeus.Graph - ERROR - Semantic search failed: 'NoneType' object has no attribute 'embed'
2025-12-29 14:06:01,709 - Amadeus.Answerer - INFO - Step 5: SEARCH - {'tool': 'SEARCH', 'query': 'Caroline career path', 'mode': 'semantic'}
2025-12-29 14:06:01,709 - Amadeus.Graph - ERROR - Semantic search failed: 'NoneType' object has no attribute 'embed'
2025-12-29 14:06:02,592 - Experiment - INFO - 
Q: What career path has Caroline decided to persue?
Category: 1
GT: counseling or mental health for Transgender people
Pred: Unknown
Result: ❌ (Score: 0.00)
Reason: 
2025-12-29 14:06:02,592 - Amadeus.Answerer - INFO - ❓ Question: Would Caroline still want to pursue counseling as a career if she hadn't received support growing up?
2025-12-29 14:06:02,802 - Amadeus.Answerer - INFO - Step 1: SEARCH - {'tool': 'SEARCH', 'query': 'Caroline counseling career support growing up', 'mode': 'semantic'}
2025-12-29 14:06:02,802 - Amadeus.Graph - ERROR - Semantic search failed: 'NoneType' object has no attribute 'embed'
2025-12-29 14:06:03,007 - Amadeus.Answerer - INFO - Step 2: SEARCH - {'tool': 'SEARCH', 'query': 'Caroline counseling career support growing up', 'mode': 'semantic'}
2025-12-29 14:06:03,007 - Amadeus.Graph - ERROR - Semantic search failed: 'NoneType' object has no attribute 'embed'
2025-12-29 14:06:03,212 - Amadeus.Answerer - INFO - Step 3: SEARCH - {'tool': 'SEARCH', 'query': 'Caroline counseling career support growing up', 'mode': 'semantic'}
2025-12-29 14:06:03,212 - Amadeus.Graph - ERROR - Semantic search failed: 'NoneType' object has no attribute 'embed'
2025-12-29 14:06:03,418 - Amadeus.Answerer - INFO - Step 4: SEARCH - {'tool': 'SEARCH', 'query': 'Caroline counseling career support growing up', 'mode': 'semantic'}
2025-12-29 14:06:03,418 - Amadeus.Graph - ERROR - Semantic search failed: 'NoneType' object has no attribute 'embed'
