2025-12-29 16:08:05,387 - Experiment - INFO - Using local embedding model: /home/ubuntu/hzy/crl/Amadeus/amadeus/models/all-MiniLM-L6-v2
2025-12-29 16:08:08,704 - Experiment - INFO - âœ… æˆåŠŸåŠ è½½ 1 ä¸ªæ ·æœ¬
2025-12-29 16:08:08,705 - Experiment - INFO - 
========================================
ðŸš€ Running Sample [1/1]: conv-26
========================================
2025-12-29 16:08:08,749 - Experiment - INFO - ðŸ§  Phase 1: Building Memory (19 contextual sessions)...
2025-12-29 16:08:13,450 - Amadeus.Builder - INFO - ðŸ¤” Builder CoT: Step 1: Calculate absolute dates. Step 2: Extract S-P-O triples. Step 3: Check against Graph for conflicts.
2025-12-29 16:08:13,802 - Amadeus.Builder - INFO - ðŸ”— LINK: Caroline --related to--> LGBTQ Support Group (Time: None)
2025-12-29 16:08:13,805 - Amadeus.Builder - INFO - ðŸ”— LINK: Caroline --related to--> Support Group (Time: None)
2025-12-29 16:08:13,805 - Amadeus.Builder - INFO - ðŸ”— LINK: Caroline --related to--> Support Group (Time: None)
2025-12-29 16:08:13,808 - Amadeus.Builder - INFO - ðŸ”— LINK: Caroline --related to--> Counseling (Time: None)
2025-12-29 16:08:13,811 - Amadeus.Builder - INFO - ðŸ”— LINK: Caroline --related to--> Mental Health Work (Time: None)
2025-12-29 16:08:13,817 - Amadeus.Builder - INFO - ðŸ”— LINK: Melanie --related to--> Lake Sunrise Painting (Time: None)
2025-12-29 16:08:13,817 - Amadeus.Builder - INFO - ðŸ”— LINK: Caroline --related to--> Melanie (Time: None)
2025-12-29 16:08:13,820 - Amadeus.Builder - INFO - ðŸ”— LINK: Melanie --related to--> Painting (Time: None)
2025-12-29 16:08:13,820 - Amadeus.Builder - INFO - ðŸ”— LINK: Melanie --related to--> Painting (Time: None)
2025-12-29 16:08:19,497 - Amadeus.Builder - INFO - ðŸ¤” Builder CoT: Step 1: Calculate absolute dates for the charity race event. Step 2: Extract S-P-O triples from the conversation. Step 3: Check against the Graph for conflicts and add new information.
2025-12-29 16:08:19,502 - Amadeus.Builder - INFO - ðŸ”— LINK: Melanie --related to--> Charity Race For Mental Health (Time: None)
2025-12-29 16:08:19,502 - Amadeus.Builder - INFO - âž• NODE: Melanie
2025-12-29 16:08:19,505 - Amadeus.Builder - INFO - ðŸ”— LINK: Melanie --related to--> Running, Reading, Playing Violin (Time: None)
2025-12-29 16:08:19,505 - Amadeus.Builder - INFO - âž• NODE: Caroline
2025-12-29 16:08:19,507 - Amadeus.Builder - INFO - ðŸ”— LINK: Caroline --related to--> Inclusive Adoption Agency (Time: None)
2025-12-29 16:08:19,507 - Amadeus.Builder - INFO - âž• NODE: Caroline
2025-12-29 16:08:19,507 - Amadeus.Builder - INFO - âž• NODE: Caroline
2025-12-29 16:08:19,507 - Amadeus.Builder - INFO - âž• NODE: Melanie
